<?xml version="1.0" encoding="UTF-8"?>
<testsuite xmlns:xsi="http://www.w3.org/2001/XMLSchema-instance" xsi:noNamespaceSchemaLocation="https://maven.apache.org/surefire/maven-surefire-plugin/xsd/surefire-test-report-3.0.xsd" version="3.0" name="io.helidon.examples.pico.car.pico.PicoTest" time="0.181" tests="1" errors="0" skipped="0" failures="0">
  <properties>
[...]
</properties>
  <testcase name="testMain" classname="io.helidon.examples.pico.car.pico.PicoTest" time="0.162">
    <system-out><![CDATA[found a car provider: Car:INIT
found a car: Car(engine=Engine,brand=Brand(name=Pico))
Engine started
Engine stopped
Pico Main memory consumption = 6291424 bytes
Pico Main elapsed time = 137 ms
Pico JUnit memory consumption = 6291424 bytes
Pico JUnit elapsed time = 139 ms
]]></system-out>
    <system-err><![CDATA[May 08, 2023 9:48:42 AM io.helidon.pico.runtime.DefaultServices bind
INFO: starting binding application: io.helidon.examples.pico.car.pico
May 08, 2023 9:48:42 AM io.helidon.pico.runtime.DefaultServices bind
INFO: finished binding application: io.helidon.examples.pico.car.pico
]]></system-err>
  </testcase>
</testsuite>