<?xml version="1.0" encoding="UTF-8"?>
<testsuite xmlns:xsi="http://www.w3.org/2001/XMLSchema-instance" xsi:noNamespaceSchemaLocation="https://maven.apache.org/surefire/maven-surefire-plugin/xsd/surefire-test-report-3.0.xsd" version="3.0" name="io.helidon.examples.pico.logger.guice.GuiceTest" time="0.274" tests="1" errors="0" skipped="0" failures="0">
  <properties>
[...]
</properties>
  <testcase name="testMain" classname="io.helidon.examples.pico.logger.guice.GuiceTest" time="0.265">
    <system-out><![CDATA[finished sending: 4
Guice Main memory consumption = -8459680 bytes
Guice Main elapsed time = 247 ms
Guice JUnit memory consumption = -8051120 bytes
Guice JUnit elapsed time = 249 ms
]]></system-out>
    <system-err><![CDATA[May 08, 2023 9:48:44 AM io.helidon.examples.pico.logger.common.Communication sendMessageViaAllModes
INFO: explicitly calling postConstruct
May 08, 2023 9:48:44 AM io.helidon.examples.pico.logger.common.Communication postConstruct
INFO: logging is enabled for communication
May 08, 2023 9:48:44 AM io.helidon.examples.pico.logger.common.EmailCommunicationMode sendMessage
INFO: Sending message 'Hello World!' over email
May 08, 2023 9:48:44 AM io.helidon.examples.pico.logger.common.SmsCommunicationMode sendMessage
INFO: Sending message 'Hello World!' over SMS
May 08, 2023 9:48:44 AM io.helidon.examples.pico.logger.common.ImCommunicationMode sendMessage
INFO: Sending message 'Hello World!' over IM
May 08, 2023 9:48:44 AM io.helidon.examples.pico.logger.common.AnotherCommunicationMode sendMessage
INFO: Sending message 'Hello World!' over another (default) communication mode
]]></system-err>
  </testcase>
</testsuite>